2024-07-03T07:41:24.743+02:00  INFO 7032 --- [main] com.example.ddmdemo.DdmdemoApplication   : Starting DdmdemoApplication using Java 17.0.9 with PID 7032 (C:\Users\LENOVO\Desktop\UDD-projektni zadatak\UDD\target\classes started by LENOVO in C:\Users\LENOVO\Desktop\UDD-projektni zadatak\UDD)
2024-07-03T07:41:24.855+02:00  INFO 7032 --- [main] com.example.ddmdemo.DdmdemoApplication   : No active profile set, falling back to 1 default profile: "default"
2024-07-03T07:41:27.446+02:00  INFO 7032 --- [main] .s.d.r.c.RepositoryConfigurationDelegate : Multiple Spring Data modules found, entering strict repository configuration mode
2024-07-03T07:41:27.448+02:00  INFO 7032 --- [main] .s.d.r.c.RepositoryConfigurationDelegate : Bootstrapping Spring Data Elasticsearch repositories in DEFAULT mode.
2024-07-03T07:41:27.484+02:00  INFO 7032 --- [main] .s.d.r.c.RepositoryConfigurationDelegate : Finished Spring Data repository scanning in 20 ms. Found 0 Elasticsearch repository interfaces.
2024-07-03T07:41:28.300+02:00  INFO 7032 --- [main] .s.d.r.c.RepositoryConfigurationDelegate : Multiple Spring Data modules found, entering strict repository configuration mode
2024-07-03T07:41:28.301+02:00  INFO 7032 --- [main] .s.d.r.c.RepositoryConfigurationDelegate : Bootstrapping Spring Data Elasticsearch repositories in DEFAULT mode.
2024-07-03T07:41:28.464+02:00  INFO 7032 --- [main] .RepositoryConfigurationExtensionSupport : Spring Data Elasticsearch - Could not safely identify store assignment for repository candidate interface com.example.ddmdemo.respository.DummyRepository; If you want this repository to be a Elasticsearch repository, consider annotating your entities with one of these annotations: org.springframework.data.elasticsearch.annotations.Document (preferred), or consider extending one of the following types with your repository: org.springframework.data.elasticsearch.repository.ElasticsearchRepository, org.springframework.data.elasticsearch.repository.ElasticsearchRepository
2024-07-03T07:41:28.559+02:00  INFO 7032 --- [main] .s.d.r.c.RepositoryConfigurationDelegate : Finished Spring Data repository scanning in 256 ms. Found 1 Elasticsearch repository interfaces.
2024-07-03T07:41:28.609+02:00  INFO 7032 --- [main] .s.d.r.c.RepositoryConfigurationDelegate : Multiple Spring Data modules found, entering strict repository configuration mode
2024-07-03T07:41:28.612+02:00  INFO 7032 --- [main] .s.d.r.c.RepositoryConfigurationDelegate : Bootstrapping Spring Data Reactive Elasticsearch repositories in DEFAULT mode.
2024-07-03T07:41:28.646+02:00  INFO 7032 --- [main] .RepositoryConfigurationExtensionSupport : Spring Data Reactive Elasticsearch - Could not safely identify store assignment for repository candidate interface com.example.ddmdemo.respository.DummyRepository; If you want this repository to be a Reactive Elasticsearch repository, consider annotating your entities with one of these annotations: org.springframework.data.elasticsearch.annotations.Document (preferred), or consider extending one of the following types with your repository: org.springframework.data.elasticsearch.repository.ReactiveElasticsearchRepository
2024-07-03T07:41:28.647+02:00  INFO 7032 --- [main] .s.d.r.c.RepositoryConfigurationDelegate : Finished Spring Data repository scanning in 31 ms. Found 0 Reactive Elasticsearch repository interfaces.
2024-07-03T07:41:28.685+02:00  INFO 7032 --- [main] .s.d.r.c.RepositoryConfigurationDelegate : Multiple Spring Data modules found, entering strict repository configuration mode
2024-07-03T07:41:28.705+02:00  INFO 7032 --- [main] .s.d.r.c.RepositoryConfigurationDelegate : Bootstrapping Spring Data JPA repositories in DEFAULT mode.
2024-07-03T07:41:28.783+02:00  INFO 7032 --- [main] .RepositoryConfigurationExtensionSupport : Spring Data JPA - Could not safely identify store assignment for repository candidate interface com.example.ddmdemo.indexrepository.DummyIndexRepository; If you want this repository to be a JPA repository, consider annotating your entities with one of these annotations: jakarta.persistence.Entity, jakarta.persistence.MappedSuperclass (preferred), or consider extending one of the following types with your repository: org.springframework.data.jpa.repository.JpaRepository
2024-07-03T07:41:28.819+02:00  INFO 7032 --- [main] .s.d.r.c.RepositoryConfigurationDelegate : Finished Spring Data repository scanning in 73 ms. Found 1 JPA repository interfaces.
2024-07-03T07:41:30.747+02:00  INFO 7032 --- [main] o.s.cloud.context.scope.GenericScope     : BeanFactory id=13dbfb28-4961-38ae-8716-2a2a21fbb846
2024-07-03T07:41:33.016+02:00  INFO 7032 --- [main] o.s.b.w.embedded.tomcat.TomcatWebServer  : Tomcat initialized with port(s): 8080 (http)
2024-07-03T07:41:33.063+02:00  INFO 7032 --- [main] o.apache.catalina.core.StandardService   : Starting service [Tomcat]
2024-07-03T07:41:33.064+02:00  INFO 7032 --- [main] o.apache.catalina.core.StandardEngine    : Starting Servlet engine: [Apache Tomcat/10.1.15]
2024-07-03T07:41:33.634+02:00  INFO 7032 --- [main] o.a.c.c.C.[Tomcat].[localhost].[/]       : Initializing Spring embedded WebApplicationContext
2024-07-03T07:41:33.639+02:00  INFO 7032 --- [main] w.s.c.ServletWebServerApplicationContext : Root WebApplicationContext: initialization completed in 8402 ms
2024-07-03T07:41:34.853+02:00  INFO 7032 --- [main] o.hibernate.jpa.internal.util.LogHelper  : HHH000204: Processing PersistenceUnitInfo [name: default]
2024-07-03T07:41:35.111+02:00  INFO 7032 --- [main] org.hibernate.Version                    : HHH000412: Hibernate ORM core version 6.2.13.Final
2024-07-03T07:41:35.130+02:00  INFO 7032 --- [main] org.hibernate.cfg.Environment            : HHH000406: Using bytecode reflection optimizer
2024-07-03T07:41:36.449+02:00  INFO 7032 --- [main] o.s.o.j.p.SpringPersistenceUnitInfo      : No LoadTimeWeaver setup: ignoring JPA class transformer
2024-07-03T07:41:36.620+02:00  INFO 7032 --- [main] com.zaxxer.hikari.HikariDataSource       : HikariPool-1 - Starting...
2024-07-03T07:41:37.715+02:00  INFO 7032 --- [main] com.zaxxer.hikari.pool.HikariPool        : HikariPool-1 - Added connection org.postgresql.jdbc.PgConnection@6dded900
2024-07-03T07:41:37.728+02:00  INFO 7032 --- [main] com.zaxxer.hikari.HikariDataSource       : HikariPool-1 - Start completed.
2024-07-03T07:41:38.657+02:00  WARN 7032 --- [main] org.hibernate.orm.deprecation            : HHH90000025: PostgreSQLDialect does not need to be specified explicitly using 'hibernate.dialect' (remove the property setting and it will be selected by default)
2024-07-03T07:41:43.014+02:00  INFO 7032 --- [main] o.h.e.t.j.p.i.JtaPlatformInitiator       : HHH000489: No JTA platform available (set 'hibernate.transaction.jta.platform' to enable JTA platform integration)
2024-07-03T07:41:43.175+02:00  INFO 7032 --- [main] j.LocalContainerEntityManagerFactoryBean : Initialized JPA EntityManagerFactory for persistence unit 'default'
2024-07-03T07:41:52.443+02:00  INFO 7032 --- [main] o.s.b.a.w.s.WelcomePageHandlerMapping    : Adding welcome page: class path resource [static/index.html]
2024-07-03T07:41:54.531+02:00  INFO 7032 --- [main] o.s.b.w.embedded.tomcat.TomcatWebServer  : Tomcat started on port(s): 8080 (http) with context path ''
2024-07-03T07:41:55.323+02:00  INFO 7032 --- [main] com.example.ddmdemo.DdmdemoApplication   : Started DdmdemoApplication in 32.878 seconds (process running for 35.423)
2024-07-03T09:03:11.824+02:00  WARN 7032 --- [HikariPool-1 housekeeper] com.zaxxer.hikari.pool.HikariPool        : HikariPool-1 - Thread starvation or clock leap detected (housekeeper delta=13m2s946ms630µs600ns).
2024-07-03T09:09:52.333+02:00  INFO 7032 --- [http-nio-0.0.0.0-8080-exec-1] o.a.c.c.C.[Tomcat].[localhost].[/]       : Initializing Spring DispatcherServlet 'dispatcherServlet'
2024-07-03T09:09:52.344+02:00  INFO 7032 --- [http-nio-0.0.0.0-8080-exec-1] o.s.web.servlet.DispatcherServlet        : Initializing Servlet 'dispatcherServlet'
2024-07-03T09:09:52.522+02:00  INFO 7032 --- [http-nio-0.0.0.0-8080-exec-1] o.s.web.servlet.DispatcherServlet        : Completed initialization in 177 ms
2024-07-03T09:09:53.904+02:00  INFO 7032 --- [http-nio-0.0.0.0-8080-exec-1] c.example.ddmdemo.util.TemplateParser    : STATISTIC-LOG uprava -> Nova Vlada ime
2024-07-03T09:09:53.906+02:00  INFO 7032 --- [http-nio-0.0.0.0-8080-exec-1] c.example.ddmdemo.util.TemplateParser    : STATISTIC-LOG grad -> Beograd
2024-07-03T09:09:53.908+02:00  INFO 7032 --- [http-nio-0.0.0.0-8080-exec-1] c.example.ddmdemo.util.TemplateParser    : STATISTIC-LOG zaposleni -> Dragana Mirkovic
